c:\users\lenovo\source\repos\horror_corridor\debug\vc142.pdb
c:\users\lenovo\source\repos\horror_corridor\debug\vc142.idb
c:\users\lenovo\source\repos\horror_corridor\debug\源1.obj
c:\users\lenovo\source\repos\horror_corridor\debug\源.obj
c:\users\lenovo\source\repos\horror_corridor\debug\assimp-vc142-mtd.dll
c:\users\lenovo\source\repos\horror_corridor\debug\irrlicht.dll
c:\users\lenovo\source\repos\horror_corridor\debug\libpng16d.dll
c:\users\lenovo\source\repos\horror_corridor\debug\zlibd1.dll
c:\users\lenovo\source\repos\horror_corridor\debug\jpeg62.dll
c:\users\lenovo\source\repos\horror_corridor\debug\bz2d.dll
c:\users\lenovo\source\repos\horror_corridor\debug\glfw3.dll
c:\users\lenovo\source\repos\horror_corridor\debug\horror_corridor.exe
c:\users\lenovo\source\repos\horror_corridor\debug\horror_corridor.ilk
c:\users\lenovo\source\repos\horror_corridor\debug\horror_corridor.pdb
c:\users\lenovo\source\repos\horror_corridor\debug\corridor.obj
c:\users\lenovo\source\repos\horror_corridor\debug\scene.obj
c:\users\lenovo\source\repos\horror_corridor\debug\horror_corridor.tlog\cl.command.1.tlog
c:\users\lenovo\source\repos\horror_corridor\debug\horror_corridor.tlog\cl.read.1.tlog
c:\users\lenovo\source\repos\horror_corridor\debug\horror_corridor.tlog\cl.write.1.tlog
c:\users\lenovo\source\repos\horror_corridor\debug\horror_corridor.tlog\horror_corridor.write.1u.tlog
c:\users\lenovo\source\repos\horror_corridor\debug\horror_corridor.tlog\link.command.1.tlog
c:\users\lenovo\source\repos\horror_corridor\debug\horror_corridor.tlog\link.read.1.tlog
c:\users\lenovo\source\repos\horror_corridor\debug\horror_corridor.tlog\link.write.1.tlog
